  [1m[35m (1.5ms)[0m  [1m[34mSELECT sqlite_version(*)[0m
  [1m[35m (14.8ms)[0m  [1m[35mCREATE TABLE "schema_migrations" ("version" varchar NOT NULL PRIMARY KEY)[0m
  [1m[35m (6.3ms)[0m  [1m[35mCREATE TABLE "ar_internal_metadata" ("key" varchar NOT NULL PRIMARY KEY, "value" varchar, "created_at" datetime(6) NOT NULL, "updated_at" datetime(6) NOT NULL)[0m
  [1m[35m (0.2ms)[0m  [1m[34mSELECT "schema_migrations"."version" FROM "schema_migrations" ORDER BY "schema_migrations"."version" ASC[0m
Migrating to CreateBooks (20211130085246)
  [1m[35m (0.1ms)[0m  [1m[36mbegin transaction[0m
  [1m[35m (0.3ms)[0m  [1m[35mCREATE TABLE "books" ("id" integer PRIMARY KEY AUTOINCREMENT NOT NULL, "title" varchar, "number_of_pages" integer, "created_at" datetime(6) NOT NULL, "updated_at" datetime(6) NOT NULL)[0m
  [1m[36mActiveRecord::SchemaMigration Create (0.1ms)[0m  [1m[32mINSERT INTO "schema_migrations" ("version") VALUES (?)[0m  [["version", "20211130085246"]]
  [1m[35m (5.0ms)[0m  [1m[36mcommit transaction[0m
Migrating to DeviseCreateUsers (20211206012952)
  [1m[35m (0.0ms)[0m  [1m[36mbegin transaction[0m
  [1m[35m (0.3ms)[0m  [1m[35mCREATE TABLE "users" ("id" integer PRIMARY KEY AUTOINCREMENT NOT NULL, "email" varchar DEFAULT '' NOT NULL, "encrypted_password" varchar DEFAULT '' NOT NULL, "reset_password_token" varchar, "reset_password_sent_at" datetime, "remember_created_at" datetime, "created_at" datetime(6) NOT NULL, "updated_at" datetime(6) NOT NULL)[0m
  [1m[35m (0.1ms)[0m  [1m[35mCREATE UNIQUE INDEX "index_users_on_email" ON "users" ("email")[0m
  [1m[35m (0.1ms)[0m  [1m[35mCREATE UNIQUE INDEX "index_users_on_reset_password_token" ON "users" ("reset_password_token")[0m
  [1m[36mActiveRecord::SchemaMigration Create (0.1ms)[0m  [1m[32mINSERT INTO "schema_migrations" ("version") VALUES (?)[0m  [["version", "20211206012952"]]
  [1m[35m (6.3ms)[0m  [1m[36mcommit transaction[0m
Migrating to CreateActiveStorageTables (20211206024013)
  [1m[35m (0.1ms)[0m  [1m[36mbegin transaction[0m
  [1m[35m (0.4ms)[0m  [1m[35mCREATE TABLE "active_storage_blobs" ("id" integer PRIMARY KEY AUTOINCREMENT NOT NULL, "key" varchar NOT NULL, "filename" varchar NOT NULL, "content_type" varchar, "metadata" text, "byte_size" bigint NOT NULL, "checksum" varchar NOT NULL, "created_at" datetime NOT NULL)[0m
  [1m[35m (0.2ms)[0m  [1m[35mCREATE UNIQUE INDEX "index_active_storage_blobs_on_key" ON "active_storage_blobs" ("key")[0m
  [1m[35m (0.1ms)[0m  [1m[35mCREATE TABLE "active_storage_attachments" ("id" integer PRIMARY KEY AUTOINCREMENT NOT NULL, "name" varchar NOT NULL, "record_type" varchar NOT NULL, "record_id" integer NOT NULL, "blob_id" integer NOT NULL, "created_at" datetime NOT NULL, CONSTRAINT "fk_rails_c3b3935057"
FOREIGN KEY ("blob_id")
  REFERENCES "active_storage_blobs" ("id")
)[0m
  [1m[35m (0.1ms)[0m  [1m[35mCREATE  INDEX "index_active_storage_attachments_on_blob_id" ON "active_storage_attachments" ("blob_id")[0m
  [1m[35m (0.2ms)[0m  [1m[35mCREATE UNIQUE INDEX "index_active_storage_attachments_uniqueness" ON "active_storage_attachments" ("record_type", "record_id", "name", "blob_id")[0m
  [1m[36mActiveRecord::SchemaMigration Create (0.1ms)[0m  [1m[32mINSERT INTO "schema_migrations" ("version") VALUES (?)[0m  [["version", "20211206024013"]]
  [1m[35m (5.2ms)[0m  [1m[36mcommit transaction[0m
Migrating to AddNameAndAge (20211206030658)
  [1m[35m (0.0ms)[0m  [1m[36mbegin transaction[0m
  [1m[35m (0.4ms)[0m  [1m[35mALTER TABLE "users" ADD "name" varchar[0m
  [1m[35m (1.0ms)[0m  [1m[35mALTER TABLE "users" ADD "age" integer[0m
  [1m[35m (0.1ms)[0m  [1m[35mCREATE UNIQUE INDEX "index_users_on_name" ON "users" ("name")[0m
  [1m[36mActiveRecord::SchemaMigration Create (0.2ms)[0m  [1m[32mINSERT INTO "schema_migrations" ("version") VALUES (?)[0m  [["version", "20211206030658"]]
  [1m[35m (5.2ms)[0m  [1m[36mcommit transaction[0m
  [1m[36mActiveRecord::InternalMetadata Load (0.2ms)[0m  [1m[34mSELECT "ar_internal_metadata".* FROM "ar_internal_metadata" WHERE "ar_internal_metadata"."key" = ? LIMIT ?[0m  [["key", "environment"], ["LIMIT", 1]]
  [1m[35m (0.0ms)[0m  [1m[36mbegin transaction[0m
  [1m[36mActiveRecord::InternalMetadata Create (0.2ms)[0m  [1m[32mINSERT INTO "ar_internal_metadata" ("key", "value", "created_at", "updated_at") VALUES (?, ?, ?, ?)[0m  [["key", "environment"], ["value", "development"], ["created_at", "2021-12-10 06:53:29.626234"], ["updated_at", "2021-12-10 06:53:29.626234"]]
  [1m[35m (4.4ms)[0m  [1m[36mcommit transaction[0m
  [1m[35m (0.2ms)[0m  [1m[34mSELECT sqlite_version(*)[0m
  [1m[35m (0.4ms)[0m  [1m[34mSELECT "schema_migrations"."version" FROM "schema_migrations" ORDER BY "schema_migrations"."version" ASC[0m
Started GET "/" for 127.0.0.1 at 2021-12-10 06:54:11 +0000
  [1m[35m (0.6ms)[0m  [1m[34mSELECT sqlite_version(*)[0m
  [1m[35m (0.2ms)[0m  [1m[34mSELECT "schema_migrations"."version" FROM "schema_migrations" ORDER BY "schema_migrations"."version" ASC[0m
Processing by StaticPagesController#home as HTML
  Rendering static_pages/home.html.erb within layouts/application
  Rendered static_pages/home.html.erb within layouts/application (Duration: 2.0ms | Allocations: 377)
[Webpacker] Compiling...
[Webpacker] Compiled all packs in /home/ubuntu/it-nihongo3-rails/public/packs
[Webpacker] Though the "loose" option was set to "false" in your @babel/preset-env config, it will not be used for @babel/plugin-proposal-private-property-in-object since the "loose" mode option was set to "true" for @babel/plugin-proposal-class-properties.
The "loose" option must be the same for @babel/plugin-proposal-class-properties, @babel/plugin-proposal-private-methods and @babel/plugin-proposal-private-property-in-object (when they are enabled): you can silence this warning by explicitly adding
	["@babel/plugin-proposal-private-property-in-object", { "loose": true }]
to the "plugins" section of your Babel config.
Though the "loose" option was set to "false" in your @babel/preset-env config, it will not be used for @babel/plugin-proposal-private-methods since the "loose" mode option was set to "true" for @babel/plugin-proposal-private-property-in-object.
The "loose" option must be the same for @babel/plugin-proposal-class-properties, @babel/plugin-proposal-private-methods and @babel/plugin-proposal-private-property-in-object (when they are enabled): you can silence this warning by explicitly adding
	["@babel/plugin-proposal-private-methods", { "loose": true }]
to the "plugins" section of your Babel config.
Though the "loose" option was set to "false" in your @babel/preset-env config, it will not be used for @babel/plugin-proposal-private-property-in-object since the "loose" mode option was set to "true" for @babel/plugin-proposal-class-properties.
The "loose" option must be the same for @babel/plugin-proposal-class-properties, @babel/plugin-proposal-private-methods and @babel/plugin-proposal-private-property-in-object (when they are enabled): you can silence this warning by explicitly adding
	["@babel/plugin-proposal-private-property-in-object", { "loose": true }]
to the "plugins" section of your Babel config.
Though the "loose" option was set to "false" in your @babel/preset-env config, it will not be used for @babel/plugin-proposal-private-methods since the "loose" mode option was set to "true" for @babel/plugin-proposal-private-property-in-object.
The "loose" option must be the same for @babel/plugin-proposal-class-properties, @babel/plugin-proposal-private-methods and @babel/plugin-proposal-private-property-in-object (when they are enabled): you can silence this warning by explicitly adding
	["@babel/plugin-proposal-private-methods", { "loose": true }]
to the "plugins" section of your Babel config.
Though the "loose" option was set to "false" in your @babel/preset-env config, it will not be used for @babel/plugin-proposal-private-property-in-object since the "loose" mode option was set to "true" for @babel/plugin-proposal-class-properties.
The "loose" option must be the same for @babel/plugin-proposal-class-properties, @babel/plugin-proposal-private-methods and @babel/plugin-proposal-private-property-in-object (when they are enabled): you can silence this warning by explicitly adding
	["@babel/plugin-proposal-private-property-in-object", { "loose": true }]
to the "plugins" section of your Babel config.
Though the "loose" option was set to "false" in your @babel/preset-env config, it will not be used for @babel/plugin-proposal-private-methods since the "loose" mode option was set to "true" for @babel/plugin-proposal-private-property-in-object.
The "loose" option must be the same for @babel/plugin-proposal-class-properties, @babel/plugin-proposal-private-methods and @babel/plugin-proposal-private-property-in-object (when they are enabled): you can silence this warning by explicitly adding
	["@babel/plugin-proposal-private-methods", { "loose": true }]
to the "plugins" section of your Babel config.
Though the "loose" option was set to "false" in your @babel/preset-env config, it will not be used for @babel/plugin-proposal-private-property-in-object since the "loose" mode option was set to "true" for @babel/plugin-proposal-class-properties.
The "loose" option must be the same for @babel/plugin-proposal-class-properties, @babel/plugin-proposal-private-methods and @babel/plugin-proposal-private-property-in-object (when they are enabled): you can silence this warning by explicitly adding
	["@babel/plugin-proposal-private-property-in-object", { "loose": true }]
to the "plugins" section of your Babel config.
Though the "loose" option was set to "false" in your @babel/preset-env config, it will not be used for @babel/plugin-proposal-private-methods since the "loose" mode option was set to "true" for @babel/plugin-proposal-private-property-in-object.
The "loose" option must be the same for @babel/plugin-proposal-class-properties, @babel/plugin-proposal-private-methods and @babel/plugin-proposal-private-property-in-object (when they are enabled): you can silence this warning by explicitly adding
	["@babel/plugin-proposal-private-methods", { "loose": true }]
to the "plugins" section of your Babel config.
Though the "loose" option was set to "false" in your @babel/preset-env config, it will not be used for @babel/plugin-proposal-private-property-in-object since the "loose" mode option was set to "true" for @babel/plugin-proposal-class-properties.
The "loose" option must be the same for @babel/plugin-proposal-class-properties, @babel/plugin-proposal-private-methods and @babel/plugin-proposal-private-property-in-object (when they are enabled): you can silence this warning by explicitly adding
	["@babel/plugin-proposal-private-property-in-object", { "loose": true }]
to the "plugins" section of your Babel config.
Though the "loose" option was set to "false" in your @babel/preset-env config, it will not be used for @babel/plugin-proposal-private-methods since the "loose" mode option was set to "true" for @babel/plugin-proposal-private-property-in-object.
The "loose" option must be the same for @babel/plugin-proposal-class-properties, @babel/plugin-proposal-private-methods and @babel/plugin-proposal-private-property-in-object (when they are enabled): you can silence this warning by explicitly adding
	["@babel/plugin-proposal-private-methods", { "loose": true }]
to the "plugins" section of your Babel config.
Though the "loose" option was set to "false" in your @babel/preset-env config, it will not be used for @babel/plugin-proposal-private-property-in-object since the "loose" mode option was set to "true" for @babel/plugin-proposal-class-properties.
The "loose" option must be the same for @babel/plugin-proposal-class-properties, @babel/plugin-proposal-private-methods and @babel/plugin-proposal-private-property-in-object (when they are enabled): you can silence this warning by explicitly adding
	["@babel/plugin-proposal-private-property-in-object", { "loose": true }]
to the "plugins" section of your Babel config.
Though the "loose" option was set to "false" in your @babel/preset-env config, it will not be used for @babel/plugin-proposal-private-methods since the "loose" mode option was set to "true" for @babel/plugin-proposal-private-property-in-object.
The "loose" option must be the same for @babel/plugin-proposal-class-properties, @babel/plugin-proposal-private-methods and @babel/plugin-proposal-private-property-in-object (when they are enabled): you can silence this warning by explicitly adding
	["@babel/plugin-proposal-private-methods", { "loose": true }]
to the "plugins" section of your Babel config.

[Webpacker] Hash: 6f28388a41a2494ca985
Version: webpack 4.46.0
Time: 2833ms
Built at: 12/10/2021 6:54:17 AM
                                     Asset       Size       Chunks                         Chunk Names
    js/application-afaf3709eb3e4f76ed8e.js    124 KiB  application  [emitted] [immutable]  application
js/application-afaf3709eb3e4f76ed8e.js.map    139 KiB  application  [emitted] [dev]        application
                             manifest.json  364 bytes               [emitted]              
Entrypoint application = js/application-afaf3709eb3e4f76ed8e.js js/application-afaf3709eb3e4f76ed8e.js.map
[./app/javascript/channels sync recursive _channel\.js$] ./app/javascript/channels sync _channel\.js$ 160 bytes {application} [built]
[./app/javascript/channels/index.js] 211 bytes {application} [built]
[./app/javascript/packs/application.js] 749 bytes {application} [built]
[./node_modules/webpack/buildin/module.js] (webpack)/buildin/module.js 552 bytes {application} [built]
    + 3 hidden modules

Completed 200 OK in 5695ms (Views: 5683.0ms | ActiveRecord: 0.0ms | Allocations: 29402)


Started GET "/books" for 127.0.0.1 at 2021-12-10 06:54:23 +0000
Processing by BooksController#index as HTML
Completed 401 Unauthorized in 1ms (ActiveRecord: 0.0ms | Allocations: 390)


Started GET "/users/sign_in" for 127.0.0.1 at 2021-12-10 06:54:23 +0000
Processing by Devise::SessionsController#new as HTML
  Rendering devise/sessions/new.html.erb within layouts/application
  Rendered devise/shared/_links.html.erb (Duration: 2.3ms | Allocations: 590)
  Rendered devise/sessions/new.html.erb within layouts/application (Duration: 25.6ms | Allocations: 3316)
[Webpacker] Everything's up-to-date. Nothing to do
Completed 200 OK in 62ms (Views: 38.8ms | ActiveRecord: 1.3ms | Allocations: 14547)


Started GET "/users/sign_up" for 127.0.0.1 at 2021-12-10 06:55:08 +0000
Processing by Devise::RegistrationsController#new as HTML
  Rendering devise/registrations/new.html.erb within layouts/application
  Rendered devise/shared/_error_messages.html.erb (Duration: 0.9ms | Allocations: 197)
  Rendered devise/shared/_links.html.erb (Duration: 0.3ms | Allocations: 119)
  Rendered devise/registrations/new.html.erb within layouts/application (Duration: 8.2ms | Allocations: 2744)
[Webpacker] Everything's up-to-date. Nothing to do
Completed 200 OK in 23ms (Views: 21.5ms | ActiveRecord: 0.0ms | Allocations: 7298)


Started POST "/users" for 127.0.0.1 at 2021-12-10 06:55:46 +0000
Processing by Devise::RegistrationsController#create as HTML
  Parameters: {"authenticity_token"=>"g2ZZ0uRc+0+1NpzpLhBBITmEmcoEMKA6LEaCh05vuqdxIovfpQh0KfEoVsiCkPCXdh6wCjaYplhVdFDzBs7eCQ==", "user"=>{"name"=>"dainguyen", "age"=>"21", "email"=>"dai.nv014@gmail.com", "password"=>"[FILTERED]", "password_confirmation"=>"[FILTERED]"}, "commit"=>"Sign up"}
  [1m[35m (0.1ms)[0m  [1m[36mbegin transaction[0m
  [1m[36mUser Exists? (1.2ms)[0m  [1m[34mSELECT 1 AS one FROM "users" WHERE "users"."email" = ? LIMIT ?[0m  [["email", "dai.nv014@gmail.com"], ["LIMIT", 1]]
  [1m[36mUser Create (1.6ms)[0m  [1m[32mINSERT INTO "users" ("email", "encrypted_password", "created_at", "updated_at", "name", "age") VALUES (?, ?, ?, ?, ?, ?)[0m  [["email", "dai.nv014@gmail.com"], ["encrypted_password", "$2a$12$PpyVXa.lisZTsrO.Zl7B2uy0YlNB1C/mlFta8gWiDungAYkIQQvRi"], ["created_at", "2021-12-10 06:55:47.189103"], ["updated_at", "2021-12-10 06:55:47.189103"], ["name", "dainguyen"], ["age", 21]]
  [1m[35m (6.0ms)[0m  [1m[36mcommit transaction[0m
Redirected to https://localhost-ruby-rails.paiza-user-free.cloud:3000/books
Completed 302 Found in 428ms (ActiveRecord: 8.9ms | Allocations: 12725)


Started GET "/books" for 127.0.0.1 at 2021-12-10 06:55:47 +0000
Processing by BooksController#index as HTML
  [1m[36mUser Load (0.2ms)[0m  [1m[34mSELECT "users".* FROM "users" WHERE "users"."id" = ? ORDER BY "users"."id" ASC LIMIT ?[0m  [["id", 1], ["LIMIT", 1]]
  Rendering books/index.html.erb within layouts/application
  [1m[36mBook Load (0.8ms)[0m  [1m[34mSELECT "books".* FROM "books"[0m
  ↳ app/views/books/index.html.erb:15
  Rendered books/index.html.erb within layouts/application (Duration: 6.3ms | Allocations: 1176)
[Webpacker] Everything's up-to-date. Nothing to do
Completed 200 OK in 25ms (Views: 17.0ms | ActiveRecord: 1.7ms | Allocations: 7763)


Started DELETE "/users/sign_out" for 127.0.0.1 at 2021-12-10 06:56:07 +0000
Processing by Devise::SessionsController#destroy as HTML
  Parameters: {"authenticity_token"=>"A++TDq8GgsaZmsA55YgTTGQ2Hukulh/dO2O6nC49YOkH8d4Y3h4NoO+IbjEPV5l9uJOfn/dcCGso/DdIIA8I5Q=="}
  [1m[36mUser Load (0.2ms)[0m  [1m[34mSELECT "users".* FROM "users" WHERE "users"."id" = ? ORDER BY "users"."id" ASC LIMIT ?[0m  [["id", 1], ["LIMIT", 1]]
Redirected to https://localhost-ruby-rails.paiza-user-free.cloud:3000/
Completed 302 Found in 12ms (ActiveRecord: 0.2ms | Allocations: 2785)


Started GET "/" for 127.0.0.1 at 2021-12-10 06:56:07 +0000
Processing by StaticPagesController#home as HTML
  Rendering static_pages/home.html.erb within layouts/application
  Rendered static_pages/home.html.erb within layouts/application (Duration: 0.2ms | Allocations: 39)
[Webpacker] Everything's up-to-date. Nothing to do
Completed 200 OK in 6ms (Views: 5.4ms | ActiveRecord: 0.0ms | Allocations: 3681)


Started GET "/users/sign_in" for 127.0.0.1 at 2021-12-10 06:56:13 +0000
Processing by Devise::SessionsController#new as HTML
  Rendering devise/sessions/new.html.erb within layouts/application
  Rendered devise/shared/_links.html.erb (Duration: 0.2ms | Allocations: 131)
  Rendered devise/sessions/new.html.erb within layouts/application (Duration: 1.9ms | Allocations: 1034)
[Webpacker] Everything's up-to-date. Nothing to do
Completed 200 OK in 8ms (Views: 6.7ms | ActiveRecord: 0.0ms | Allocations: 4898)


Started POST "/users/sign_in" for 127.0.0.1 at 2021-12-10 06:56:21 +0000
Processing by Devise::SessionsController#create as HTML
  Parameters: {"authenticity_token"=>"ebMUftdSEjDCWGEy8NMOPB8v4T1TS7zJ5SrrcGrW/003C9c/LviMXE9WITYQKdoIA4dGeGXEPlPUcpAQShsH+g==", "user"=>{"email"=>"dai.nv014@gmail.com", "password"=>"[FILTERED]", "remember_me"=>"1"}, "commit"=>"Log in"}
  [1m[36mUser Load (3.9ms)[0m  [1m[34mSELECT "users".* FROM "users" WHERE "users"."email" = ? ORDER BY "users"."id" ASC LIMIT ?[0m  [["email", "dai.nv014@gmail.com"], ["LIMIT", 1]]
  [1m[35m (0.1ms)[0m  [1m[36mbegin transaction[0m
  [1m[36mUser Update (1.6ms)[0m  [1m[33mUPDATE "users" SET "remember_created_at" = ?, "updated_at" = ? WHERE "users"."id" = ?[0m  [["remember_created_at", "2021-12-10 06:56:21.928919"], ["updated_at", "2021-12-10 06:56:21.929273"], ["id", 1]]
  [1m[35m (4.2ms)[0m  [1m[36mcommit transaction[0m
Redirected to https://localhost-ruby-rails.paiza-user-free.cloud:3000/
Completed 302 Found in 353ms (ActiveRecord: 9.8ms | Allocations: 10441)


Started GET "/" for 127.0.0.1 at 2021-12-10 06:56:22 +0000
Processing by StaticPagesController#home as HTML
  Rendering static_pages/home.html.erb within layouts/application
  Rendered static_pages/home.html.erb within layouts/application (Duration: 0.2ms | Allocations: 35)
[Webpacker] Everything's up-to-date. Nothing to do
  [1m[36mUser Load (0.2ms)[0m  [1m[34mSELECT "users".* FROM "users" WHERE "users"."id" = ? ORDER BY "users"."id" ASC LIMIT ?[0m  [["id", 1], ["LIMIT", 1]]
  ↳ app/views/layouts/application.html.erb:14
Completed 200 OK in 16ms (Views: 15.2ms | ActiveRecord: 0.2ms | Allocations: 4500)


Started GET "/books" for 127.0.0.1 at 2021-12-10 06:56:26 +0000
Processing by BooksController#index as HTML
  [1m[36mUser Load (0.1ms)[0m  [1m[34mSELECT "users".* FROM "users" WHERE "users"."id" = ? ORDER BY "users"."id" ASC LIMIT ?[0m  [["id", 1], ["LIMIT", 1]]
  Rendering books/index.html.erb within layouts/application
  [1m[36mBook Load (0.1ms)[0m  [1m[34mSELECT "books".* FROM "books"[0m
  ↳ app/views/books/index.html.erb:15
  Rendered books/index.html.erb within layouts/application (Duration: 1.5ms | Allocations: 637)
[Webpacker] Everything's up-to-date. Nothing to do
Completed 200 OK in 10ms (Views: 6.6ms | ActiveRecord: 0.2ms | Allocations: 5666)


Started GET "/books/new" for 127.0.0.1 at 2021-12-10 06:56:28 +0000
Processing by BooksController#new as HTML
  [1m[36mUser Load (0.2ms)[0m  [1m[34mSELECT "users".* FROM "users" WHERE "users"."id" = ? ORDER BY "users"."id" ASC LIMIT ?[0m  [["id", 1], ["LIMIT", 1]]
  Rendering books/new.html.erb within layouts/application
  Rendered books/_form.html.erb (Duration: 4.5ms | Allocations: 1417)
  Rendered books/new.html.erb within layouts/application (Duration: 6.4ms | Allocations: 1745)
[Webpacker] Everything's up-to-date. Nothing to do
Completed 200 OK in 48ms (Views: 35.0ms | ActiveRecord: 0.7ms | Allocations: 9384)


Started POST "/books" for 127.0.0.1 at 2021-12-10 06:56:58 +0000
Processing by BooksController#create as HTML
  Parameters: {"authenticity_token"=>"rajt7CEs2Wj41DkTQDHr3HqYuwIE2xD3k981kHFK6EF59+jhAsRwXvIeyRA+JaZTkzr+bfwDl+RzHYKqVIe8mQ==", "book"=>{"title"=>"Ruby", "number_of_pages"=>"100", "image"=>#<ActionDispatch::Http::UploadedFile:0x00007f3c202f5c20 @tempfile=#<Tempfile:/tmp/RackMultipart20211210-2111-1a7byr6.png>, @original_filename="Screen Shot 2021-10-25 at 00.29.53.png", @content_type="image/png", @headers="Content-Disposition: form-data; name=\"book[image]\"; filename=\"Screen Shot 2021-10-25 at 00.29.53.png\"\r\nContent-Type: image/png\r\n">}, "commit"=>"Create Book"}
  [1m[36mUser Load (0.2ms)[0m  [1m[34mSELECT "users".* FROM "users" WHERE "users"."id" = ? ORDER BY "users"."id" ASC LIMIT ?[0m  [["id", 1], ["LIMIT", 1]]
  [1m[35m (0.1ms)[0m  [1m[36mbegin transaction[0m
  ↳ app/controllers/books_controller.rb:27:in `block in create'
  [1m[36mBook Create (0.4ms)[0m  [1m[32mINSERT INTO "books" ("title", "number_of_pages", "created_at", "updated_at") VALUES (?, ?, ?, ?)[0m  [["title", "Ruby"], ["number_of_pages", 100], ["created_at", "2021-12-10 06:56:58.114367"], ["updated_at", "2021-12-10 06:56:58.114367"]]
  ↳ app/controllers/books_controller.rb:27:in `block in create'
  [1m[36mActiveStorage::Blob Load (0.6ms)[0m  [1m[34mSELECT "active_storage_blobs".* FROM "active_storage_blobs" INNER JOIN "active_storage_attachments" ON "active_storage_blobs"."id" = "active_storage_attachments"."blob_id" WHERE "active_storage_attachments"."record_id" = ? AND "active_storage_attachments"."record_type" = ? AND "active_storage_attachments"."name" = ? LIMIT ?[0m  [["record_id", 1], ["record_type", "Book"], ["name", "image"], ["LIMIT", 1]]
  ↳ app/controllers/books_controller.rb:27:in `block in create'
  [1m[36mActiveStorage::Attachment Load (0.2ms)[0m  [1m[34mSELECT "active_storage_attachments".* FROM "active_storage_attachments" WHERE "active_storage_attachments"."record_id" = ? AND "active_storage_attachments"."record_type" = ? AND "active_storage_attachments"."name" = ? LIMIT ?[0m  [["record_id", 1], ["record_type", "Book"], ["name", "image"], ["LIMIT", 1]]
  ↳ app/controllers/books_controller.rb:27:in `block in create'
  [1m[36mActiveStorage::Blob Create (0.8ms)[0m  [1m[32mINSERT INTO "active_storage_blobs" ("key", "filename", "content_type", "metadata", "byte_size", "checksum", "created_at") VALUES (?, ?, ?, ?, ?, ?, ?)[0m  [["key", "lg51lm0o5i9phw2l4ey8plgd5fic"], ["filename", "Screen Shot 2021-10-25 at 00.29.53.png"], ["content_type", "image/png"], ["metadata", "{\"identified\":true}"], ["byte_size", 941601], ["checksum", "AZptgb2Qw5dMIFvtEfbbhQ=="], ["created_at", "2021-12-10 06:56:58.261319"]]
  ↳ app/controllers/books_controller.rb:27:in `block in create'
  [1m[36mActiveStorage::Attachment Create (0.3ms)[0m  [1m[32mINSERT INTO "active_storage_attachments" ("name", "record_type", "record_id", "blob_id", "created_at") VALUES (?, ?, ?, ?, ?)[0m  [["name", "image"], ["record_type", "Book"], ["record_id", 1], ["blob_id", 1], ["created_at", "2021-12-10 06:56:58.266215"]]
  ↳ app/controllers/books_controller.rb:27:in `block in create'
  [1m[36mBook Update (0.1ms)[0m  [1m[33mUPDATE "books" SET "updated_at" = ? WHERE "books"."id" = ?[0m  [["updated_at", "2021-12-10 06:56:58.269608"], ["id", 1]]
  ↳ app/controllers/books_controller.rb:27:in `block in create'
  [1m[35m (4.5ms)[0m  [1m[36mcommit transaction[0m
  ↳ app/controllers/books_controller.rb:27:in `block in create'
[36m  Disk Storage (5.1ms) [0m[32mUploaded file to key: lg51lm0o5i9phw2l4ey8plgd5fic (checksum: AZptgb2Qw5dMIFvtEfbbhQ==)[0m
[ActiveJob] Enqueued ActiveStorage::AnalyzeJob (Job ID: 23b0a196-3b07-48c7-8483-c28934dd28ef) to Async(active_storage_analysis) with arguments: #<GlobalID:0x0000000004b8c320 @uri=#<URI::GID gid://thefirstrails/ActiveStorage::Blob/1>>
Redirected to https://localhost-ruby-rails.paiza-user-free.cloud:3000/books/1
Completed 302 Found in 238ms (ActiveRecord: 8.5ms | Allocations: 47733)


  [1m[36mActiveStorage::Blob Load (0.4ms)[0m  [1m[34mSELECT "active_storage_blobs".* FROM "active_storage_blobs" WHERE "active_storage_blobs"."id" = ? LIMIT ?[0m  [["id", 1], ["LIMIT", 1]]
[ActiveJob] [ActiveStorage::AnalyzeJob] [23b0a196-3b07-48c7-8483-c28934dd28ef] Performing ActiveStorage::AnalyzeJob (Job ID: 23b0a196-3b07-48c7-8483-c28934dd28ef) from Async(active_storage_analysis) enqueued at 2021-12-10T06:56:58Z with arguments: #<GlobalID:0x0000000004a83758 @uri=#<URI::GID gid://thefirstrails/ActiveStorage::Blob/1>>
[ActiveJob] [ActiveStorage::AnalyzeJob] [23b0a196-3b07-48c7-8483-c28934dd28ef] [36m  Disk Storage (5.7ms) [0m[34mDownloaded file from key: lg51lm0o5i9phw2l4ey8plgd5fic[0m
[ActiveJob] [ActiveStorage::AnalyzeJob] [23b0a196-3b07-48c7-8483-c28934dd28ef] Skipping image analysis because the mini_magick gem isn't installed
[ActiveJob] [ActiveStorage::AnalyzeJob] [23b0a196-3b07-48c7-8483-c28934dd28ef]   [1m[35m (0.1ms)[0m  [1m[36mbegin transaction[0m
[ActiveJob] [ActiveStorage::AnalyzeJob] [23b0a196-3b07-48c7-8483-c28934dd28ef]   [1m[36mActiveStorage::Blob Update (0.4ms)[0m  [1m[33mUPDATE "active_storage_blobs" SET "metadata" = ? WHERE "active_storage_blobs"."id" = ?[0m  [["metadata", "{\"identified\":true,\"analyzed\":true}"], ["id", 1]]
[ActiveJob] [ActiveStorage::AnalyzeJob] [23b0a196-3b07-48c7-8483-c28934dd28ef]   [1m[35m (4.4ms)[0m  [1m[36mcommit transaction[0m
[ActiveJob] [ActiveStorage::AnalyzeJob] [23b0a196-3b07-48c7-8483-c28934dd28ef] Performed ActiveStorage::AnalyzeJob (Job ID: 23b0a196-3b07-48c7-8483-c28934dd28ef) from Async(active_storage_analysis) in 72.21ms
Started GET "/books/1" for 127.0.0.1 at 2021-12-10 06:56:58 +0000
Processing by BooksController#show as HTML
  Parameters: {"id"=>"1"}
  [1m[36mBook Load (0.3ms)[0m  [1m[34mSELECT "books".* FROM "books" WHERE "books"."id" = ? LIMIT ?[0m  [["id", 1], ["LIMIT", 1]]
  ↳ app/controllers/books_controller.rb:62:in `set_book'
  [1m[36mUser Load (0.2ms)[0m  [1m[34mSELECT "users".* FROM "users" WHERE "users"."id" = ? ORDER BY "users"."id" ASC LIMIT ?[0m  [["id", 1], ["LIMIT", 1]]
  Rendering books/show.html.erb within layouts/application
  [1m[36mActiveStorage::Attachment Load (0.2ms)[0m  [1m[34mSELECT "active_storage_attachments".* FROM "active_storage_attachments" WHERE "active_storage_attachments"."record_id" = ? AND "active_storage_attachments"."record_type" = ? AND "active_storage_attachments"."name" = ? LIMIT ?[0m  [["record_id", 1], ["record_type", "Book"], ["name", "image"], ["LIMIT", 1]]
  ↳ app/views/books/show.html.erb:13
  [1m[36mActiveStorage::Blob Load (0.2ms)[0m  [1m[34mSELECT "active_storage_blobs".* FROM "active_storage_blobs" WHERE "active_storage_blobs"."id" = ? LIMIT ?[0m  [["id", 1], ["LIMIT", 1]]
  ↳ app/views/books/show.html.erb:14
  Rendered books/show.html.erb within layouts/application (Duration: 8.1ms | Allocations: 2592)
[Webpacker] Everything's up-to-date. Nothing to do
Completed 200 OK in 23ms (Views: 15.5ms | ActiveRecord: 0.8ms | Allocations: 8446)


Started GET "/rails/active_storage/blobs/eyJfcmFpbHMiOnsibWVzc2FnZSI6IkJBaHBCZz09IiwiZXhwIjpudWxsLCJwdXIiOiJibG9iX2lkIn19--cd277e42ba154f9ae3f381ca97fa40e78a3414d5/Screen%20Shot%202021-10-25%20at%2000.29.53.png" for 127.0.0.1 at 2021-12-10 06:56:58 +0000
Processing by ActiveStorage::BlobsController#show as PNG
  Parameters: {"signed_id"=>"eyJfcmFpbHMiOnsibWVzc2FnZSI6IkJBaHBCZz09IiwiZXhwIjpudWxsLCJwdXIiOiJibG9iX2lkIn19--cd277e42ba154f9ae3f381ca97fa40e78a3414d5", "filename"=>"Screen Shot 2021-10-25 at 00.29.53"}
  [1m[36mActiveStorage::Blob Load (0.2ms)[0m  [1m[34mSELECT "active_storage_blobs".* FROM "active_storage_blobs" WHERE "active_storage_blobs"."id" = ? LIMIT ?[0m  [["id", 1], ["LIMIT", 1]]
[36m  Disk Storage (1.9ms) [0m[34mGenerated URL for file at key: lg51lm0o5i9phw2l4ey8plgd5fic (https://localhost-ruby-rails.paiza-user-free.cloud:3000/rails/active_storage/disk/eyJfcmFpbHMiOnsibWVzc2FnZSI6IkJBaDdDRG9JYTJWNVNTSWhiR2MxTVd4dE1HODFhVGx3YUhjeWJEUmxlVGh3Ykdka05XWnBZd1k2QmtWVU9oQmthWE53YjNOcGRHbHZia2tpZjJsdWJHbHVaVHNnWm1sc1pXNWhiV1U5SWxOamNtVmxiaUJUYUc5MElESXdNakV0TVRBdE1qVWdZWFFnTURBdU1qa3VOVE11Y0c1bklqc2dabWxzWlc1aGJXVXFQVlZVUmkwNEp5ZFRZM0psWlc0bE1qQlRhRzkwSlRJd01qQXlNUzB4TUMweU5TVXlNR0YwSlRJd01EQXVNamt1TlRNdWNHNW5CanNHVkRvUlkyOXVkR1Z1ZEY5MGVYQmxTU0lPYVcxaFoyVXZjRzVuQmpzR1ZBPT0iLCJleHAiOiIyMDIxLTEyLTEwVDA3OjAxOjU4LjcyMVoiLCJwdXIiOiJibG9iX2tleSJ9fQ==--a86d8a3e91b0b1fffad1234e129cd1fa25b0e6b8/Screen%20Shot%202021-10-25%20at%2000.29.53.png?content_type=image%2Fpng&disposition=inline%3B+filename%3D%22Screen+Shot+2021-10-25+at+00.29.53.png%22%3B+filename%2A%3DUTF-8%27%27Screen%2520Shot%25202021-10-25%2520at%252000.29.53.png)[0m
Redirected to https://localhost-ruby-rails.paiza-user-free.cloud:3000/rails/active_storage/disk/eyJfcmFpbHMiOnsibWVzc2FnZSI6IkJBaDdDRG9JYTJWNVNTSWhiR2MxTVd4dE1HODFhVGx3YUhjeWJEUmxlVGh3Ykdka05XWnBZd1k2QmtWVU9oQmthWE53YjNOcGRHbHZia2tpZjJsdWJHbHVaVHNnWm1sc1pXNWhiV1U5SWxOamNtVmxiaUJUYUc5MElESXdNakV0TVRBdE1qVWdZWFFnTURBdU1qa3VOVE11Y0c1bklqc2dabWxzWlc1aGJXVXFQVlZVUmkwNEp5ZFRZM0psWlc0bE1qQlRhRzkwSlRJd01qQXlNUzB4TUMweU5TVXlNR0YwSlRJd01EQXVNamt1TlRNdWNHNW5CanNHVkRvUlkyOXVkR1Z1ZEY5MGVYQmxTU0lPYVcxaFoyVXZjRzVuQmpzR1ZBPT0iLCJleHAiOiIyMDIxLTEyLTEwVDA3OjAxOjU4LjcyMVoiLCJwdXIiOiJibG9iX2tleSJ9fQ==--a86d8a3e91b0b1fffad1234e129cd1fa25b0e6b8/Screen%20Shot%202021-10-25%20at%2000.29.53.png?content_type=image%2Fpng&disposition=inline%3B+filename%3D%22Screen+Shot+2021-10-25+at+00.29.53.png%22%3B+filename%2A%3DUTF-8%27%27Screen%2520Shot%25202021-10-25%2520at%252000.29.53.png
Completed 302 Found in 9ms (ActiveRecord: 0.2ms | Allocations: 2242)


Started GET "/rails/active_storage/disk/eyJfcmFpbHMiOnsibWVzc2FnZSI6IkJBaDdDRG9JYTJWNVNTSWhiR2MxTVd4dE1HODFhVGx3YUhjeWJEUmxlVGh3Ykdka05XWnBZd1k2QmtWVU9oQmthWE53YjNOcGRHbHZia2tpZjJsdWJHbHVaVHNnWm1sc1pXNWhiV1U5SWxOamNtVmxiaUJUYUc5MElESXdNakV0TVRBdE1qVWdZWFFnTURBdU1qa3VOVE11Y0c1bklqc2dabWxzWlc1aGJXVXFQVlZVUmkwNEp5ZFRZM0psWlc0bE1qQlRhRzkwSlRJd01qQXlNUzB4TUMweU5TVXlNR0YwSlRJd01EQXVNamt1TlRNdWNHNW5CanNHVkRvUlkyOXVkR1Z1ZEY5MGVYQmxTU0lPYVcxaFoyVXZjRzVuQmpzR1ZBPT0iLCJleHAiOiIyMDIxLTEyLTEwVDA3OjAxOjU4LjcyMVoiLCJwdXIiOiJibG9iX2tleSJ9fQ==--a86d8a3e91b0b1fffad1234e129cd1fa25b0e6b8/Screen%20Shot%202021-10-25%20at%2000.29.53.png?content_type=image%2Fpng&disposition=inline%3B+filename%3D%22Screen+Shot+2021-10-25+at+00.29.53.png%22%3B+filename%2A%3DUTF-8%27%27Screen%2520Shot%25202021-10-25%2520at%252000.29.53.png" for 127.0.0.1 at 2021-12-10 06:56:59 +0000
Processing by ActiveStorage::DiskController#show as PNG
  Parameters: {"content_type"=>"image/png", "disposition"=>"inline; filename=\"Screen Shot 2021-10-25 at 00.29.53.png\"; filename*=UTF-8''Screen%20Shot%202021-10-25%20at%2000.29.53.png", "encoded_key"=>"eyJfcmFpbHMiOnsibWVzc2FnZSI6IkJBaDdDRG9JYTJWNVNTSWhiR2MxTVd4dE1HODFhVGx3YUhjeWJEUmxlVGh3Ykdka05XWnBZd1k2QmtWVU9oQmthWE53YjNOcGRHbHZia2tpZjJsdWJHbHVaVHNnWm1sc1pXNWhiV1U5SWxOamNtVmxiaUJUYUc5MElESXdNakV0TVRBdE1qVWdZWFFnTURBdU1qa3VOVE11Y0c1bklqc2dabWxzWlc1aGJXVXFQVlZVUmkwNEp5ZFRZM0psWlc0bE1qQlRhRzkwSlRJd01qQXlNUzB4TUMweU5TVXlNR0YwSlRJd01EQXVNamt1TlRNdWNHNW5CanNHVkRvUlkyOXVkR1Z1ZEY5MGVYQmxTU0lPYVcxaFoyVXZjRzVuQmpzR1ZBPT0iLCJleHAiOiIyMDIxLTEyLTEwVDA3OjAxOjU4LjcyMVoiLCJwdXIiOiJibG9iX2tleSJ9fQ==--a86d8a3e91b0b1fffad1234e129cd1fa25b0e6b8", "filename"=>"Screen Shot 2021-10-25 at 00.29.53"}
Completed 200 OK in 2ms (ActiveRecord: 0.0ms | Allocations: 454)


Started GET "/" for 127.0.0.1 at 2021-12-10 07:00:10 +0000
  [1m[35m (0.8ms)[0m  [1m[34mSELECT sqlite_version(*)[0m
  [1m[35m (0.2ms)[0m  [1m[34mSELECT "schema_migrations"."version" FROM "schema_migrations" ORDER BY "schema_migrations"."version" ASC[0m
  
ActiveRecord::PendingMigrationError (

Migrations are pending. To resolve this issue, run:

        rails db:migrate RAILS_ENV=development

):
  
activerecord (6.0.4.1) lib/active_record/migration.rb:586:in `check_pending!'
activerecord (6.0.4.1) lib/active_record/migration.rb:564:in `call'
actionpack (6.0.4.1) lib/action_dispatch/middleware/callbacks.rb:27:in `block in call'
activesupport (6.0.4.1) lib/active_support/callbacks.rb:101:in `run_callbacks'
actionpack (6.0.4.1) lib/action_dispatch/middleware/callbacks.rb:26:in `call'
actionpack (6.0.4.1) lib/action_dispatch/middleware/executor.rb:14:in `call'
actionpack (6.0.4.1) lib/action_dispatch/middleware/actionable_exceptions.rb:18:in `call'
actionpack (6.0.4.1) lib/action_dispatch/middleware/debug_exceptions.rb:32:in `call'
web-console (4.2.0) lib/web_console/middleware.rb:132:in `call_app'
web-console (4.2.0) lib/web_console/middleware.rb:28:in `block in call'
web-console (4.2.0) lib/web_console/middleware.rb:17:in `catch'
web-console (4.2.0) lib/web_console/middleware.rb:17:in `call'
actionpack (6.0.4.1) lib/action_dispatch/middleware/show_exceptions.rb:33:in `call'
railties (6.0.4.1) lib/rails/rack/logger.rb:37:in `call_app'
railties (6.0.4.1) lib/rails/rack/logger.rb:26:in `block in call'
activesupport (6.0.4.1) lib/active_support/tagged_logging.rb:80:in `block in tagged'
activesupport (6.0.4.1) lib/active_support/tagged_logging.rb:28:in `tagged'
activesupport (6.0.4.1) lib/active_support/tagged_logging.rb:80:in `tagged'
railties (6.0.4.1) lib/rails/rack/logger.rb:26:in `call'
sprockets-rails (3.4.1) lib/sprockets/rails/quiet_assets.rb:13:in `call'
actionpack (6.0.4.1) lib/action_dispatch/middleware/remote_ip.rb:81:in `call'
actionpack (6.0.4.1) lib/action_dispatch/middleware/request_id.rb:27:in `call'
rack (2.2.3) lib/rack/method_override.rb:24:in `call'
rack (2.2.3) lib/rack/runtime.rb:22:in `call'
activesupport (6.0.4.1) lib/active_support/cache/strategy/local_cache_middleware.rb:29:in `call'
actionpack (6.0.4.1) lib/action_dispatch/middleware/executor.rb:14:in `call'
actionpack (6.0.4.1) lib/action_dispatch/middleware/static.rb:126:in `call'
rack (2.2.3) lib/rack/sendfile.rb:110:in `call'
actionpack (6.0.4.1) lib/action_dispatch/middleware/host_authorization.rb:76:in `call'
webpacker (4.3.0) lib/webpacker/dev_server_proxy.rb:23:in `perform_request'
rack-proxy (0.7.0) lib/rack/proxy.rb:63:in `call'
railties (6.0.4.1) lib/rails/engine.rb:527:in `call'
puma (4.3.10) lib/puma/configuration.rb:228:in `call'
puma (4.3.10) lib/puma/server.rb:718:in `handle_request'
puma (4.3.10) lib/puma/server.rb:472:in `process_client'
puma (4.3.10) lib/puma/server.rb:328:in `block in run'
puma (4.3.10) lib/puma/thread_pool.rb:134:in `block in spawn_thread'
Started GET "/" for 127.0.0.1 at 2021-12-10 07:23:41 +0000
  [1m[35m (0.6ms)[0m  [1m[34mSELECT sqlite_version(*)[0m
  [1m[35m (0.1ms)[0m  [1m[34mSELECT "schema_migrations"."version" FROM "schema_migrations" ORDER BY "schema_migrations"."version" ASC[0m
  
ActiveRecord::PendingMigrationError (

Migrations are pending. To resolve this issue, run:

        rails db:migrate RAILS_ENV=development

):
  
activerecord (6.0.4.1) lib/active_record/migration.rb:586:in `check_pending!'
activerecord (6.0.4.1) lib/active_record/migration.rb:564:in `call'
actionpack (6.0.4.1) lib/action_dispatch/middleware/callbacks.rb:27:in `block in call'
activesupport (6.0.4.1) lib/active_support/callbacks.rb:101:in `run_callbacks'
actionpack (6.0.4.1) lib/action_dispatch/middleware/callbacks.rb:26:in `call'
actionpack (6.0.4.1) lib/action_dispatch/middleware/executor.rb:14:in `call'
actionpack (6.0.4.1) lib/action_dispatch/middleware/actionable_exceptions.rb:18:in `call'
actionpack (6.0.4.1) lib/action_dispatch/middleware/debug_exceptions.rb:32:in `call'
web-console (4.2.0) lib/web_console/middleware.rb:132:in `call_app'
web-console (4.2.0) lib/web_console/middleware.rb:28:in `block in call'
web-console (4.2.0) lib/web_console/middleware.rb:17:in `catch'
web-console (4.2.0) lib/web_console/middleware.rb:17:in `call'
actionpack (6.0.4.1) lib/action_dispatch/middleware/show_exceptions.rb:33:in `call'
railties (6.0.4.1) lib/rails/rack/logger.rb:37:in `call_app'
railties (6.0.4.1) lib/rails/rack/logger.rb:26:in `block in call'
activesupport (6.0.4.1) lib/active_support/tagged_logging.rb:80:in `block in tagged'
activesupport (6.0.4.1) lib/active_support/tagged_logging.rb:28:in `tagged'
activesupport (6.0.4.1) lib/active_support/tagged_logging.rb:80:in `tagged'
railties (6.0.4.1) lib/rails/rack/logger.rb:26:in `call'
sprockets-rails (3.4.1) lib/sprockets/rails/quiet_assets.rb:13:in `call'
actionpack (6.0.4.1) lib/action_dispatch/middleware/remote_ip.rb:81:in `call'
actionpack (6.0.4.1) lib/action_dispatch/middleware/request_id.rb:27:in `call'
rack (2.2.3) lib/rack/method_override.rb:24:in `call'
rack (2.2.3) lib/rack/runtime.rb:22:in `call'
activesupport (6.0.4.1) lib/active_support/cache/strategy/local_cache_middleware.rb:29:in `call'
actionpack (6.0.4.1) lib/action_dispatch/middleware/executor.rb:14:in `call'
actionpack (6.0.4.1) lib/action_dispatch/middleware/static.rb:126:in `call'
rack (2.2.3) lib/rack/sendfile.rb:110:in `call'
actionpack (6.0.4.1) lib/action_dispatch/middleware/host_authorization.rb:76:in `call'
webpacker (4.3.0) lib/webpacker/dev_server_proxy.rb:23:in `perform_request'
rack-proxy (0.7.0) lib/rack/proxy.rb:63:in `call'
railties (6.0.4.1) lib/rails/engine.rb:527:in `call'
puma (4.3.10) lib/puma/configuration.rb:228:in `call'
puma (4.3.10) lib/puma/server.rb:718:in `handle_request'
puma (4.3.10) lib/puma/server.rb:472:in `process_client'
puma (4.3.10) lib/puma/server.rb:328:in `block in run'
puma (4.3.10) lib/puma/thread_pool.rb:134:in `block in spawn_thread'
Started POST "/rails/actions" for 127.0.0.1 at 2021-12-10 07:23:55 +0000
  [1m[35m (0.1ms)[0m  [1m[34mSELECT "schema_migrations"."version" FROM "schema_migrations" ORDER BY "schema_migrations"."version" ASC[0m
Migrating to AddDetail (20211210065937)
  [1m[35m (0.1ms)[0m  [1m[36mbegin transaction[0m
  [1m[35m (0.5ms)[0m  [1m[35mALTER TABLE "books" ADD "detail" text[0m
  [1m[36mActiveRecord::SchemaMigration Create (0.2ms)[0m  [1m[32mINSERT INTO "schema_migrations" ("version") VALUES (?)[0m  [["version", "20211210065937"]]
  [1m[35m (8.9ms)[0m  [1m[36mcommit transaction[0m
  [1m[36mActiveRecord::InternalMetadata Load (0.2ms)[0m  [1m[34mSELECT "ar_internal_metadata".* FROM "ar_internal_metadata" WHERE "ar_internal_metadata"."key" = ? LIMIT ?[0m  [["key", "environment"], ["LIMIT", 1]]
Started GET "/" for 127.0.0.1 at 2021-12-10 07:23:56 +0000
  [1m[35m (0.1ms)[0m  [1m[34mSELECT "schema_migrations"."version" FROM "schema_migrations" ORDER BY "schema_migrations"."version" ASC[0m
Processing by StaticPagesController#home as HTML
  Rendering static_pages/home.html.erb within layouts/application
  Rendered static_pages/home.html.erb within layouts/application (Duration: 0.9ms | Allocations: 149)
[Webpacker] Everything's up-to-date. Nothing to do
  [1m[36mUser Load (0.1ms)[0m  [1m[34mSELECT "users".* FROM "users" WHERE "users"."id" = ? ORDER BY "users"."id" ASC LIMIT ?[0m  [["id", 1], ["LIMIT", 1]]
  ↳ app/views/layouts/application.html.erb:14
Completed 200 OK in 44ms (Views: 37.1ms | ActiveRecord: 0.9ms | Allocations: 15309)


Started GET "/books" for 127.0.0.1 at 2021-12-10 07:24:09 +0000
Processing by BooksController#index as HTML
  [1m[36mUser Load (0.1ms)[0m  [1m[34mSELECT "users".* FROM "users" WHERE "users"."id" = ? ORDER BY "users"."id" ASC LIMIT ?[0m  [["id", 1], ["LIMIT", 1]]
  Rendering books/index.html.erb within layouts/application
  [1m[36mBook Load (0.2ms)[0m  [1m[34mSELECT "books".* FROM "books"[0m
  ↳ app/views/books/index.html.erb:15
  Rendered books/index.html.erb within layouts/application (Duration: 8.9ms | Allocations: 4434)
[Webpacker] Everything's up-to-date. Nothing to do
Completed 200 OK in 20ms (Views: 14.3ms | ActiveRecord: 0.8ms | Allocations: 10934)


Started GET "/books/new" for 127.0.0.1 at 2021-12-10 07:24:18 +0000
Processing by BooksController#new as HTML
  [1m[36mUser Load (0.5ms)[0m  [1m[34mSELECT "users".* FROM "users" WHERE "users"."id" = ? ORDER BY "users"."id" ASC LIMIT ?[0m  [["id", 1], ["LIMIT", 1]]
  Rendering books/new.html.erb within layouts/application
  Rendered books/_form.html.erb (Duration: 22.7ms | Allocations: 3863)
  Rendered books/new.html.erb within layouts/application (Duration: 25.4ms | Allocations: 4191)
[Webpacker] Everything's up-to-date. Nothing to do
Completed 200 OK in 41ms (Views: 36.2ms | ActiveRecord: 0.5ms | Allocations: 9341)


Started POST "/books" for 127.0.0.1 at 2021-12-10 07:26:09 +0000
Processing by BooksController#create as HTML
  Parameters: {"authenticity_token"=>"yIbkGV0l4MwxiCEnmYiMwvFlK5fhUE5/UONqtuX9MvYc2eEUfs1J+jtC0STnnMFNGMdu+BmIyWywId2MwDBmLg==", "book"=>{"title"=>"rails", "number_of_pages"=>"1000", "detail"=>"abcxyz", "image"=>#<ActionDispatch::Http::UploadedFile:0x0000000004fe2aa0 @tempfile=#<Tempfile:/tmp/RackMultipart20211210-4377-fayusg.png>, @original_filename="Screen Shot 2021-12-09 at 11.06.37.png", @content_type="image/png", @headers="Content-Disposition: form-data; name=\"book[image]\"; filename=\"Screen Shot 2021-12-09 at 11.06.37.png\"\r\nContent-Type: image/png\r\n">}, "commit"=>"Create Book"}
  [1m[36mUser Load (4.3ms)[0m  [1m[34mSELECT "users".* FROM "users" WHERE "users"."id" = ? ORDER BY "users"."id" ASC LIMIT ?[0m  [["id", 1], ["LIMIT", 1]]
[31mUnpermitted parameter: :detail[0m
  [1m[35m (0.1ms)[0m  [1m[36mbegin transaction[0m
  ↳ app/controllers/books_controller.rb:27:in `block in create'
  [1m[36mBook Create (2.3ms)[0m  [1m[32mINSERT INTO "books" ("title", "number_of_pages", "created_at", "updated_at") VALUES (?, ?, ?, ?)[0m  [["title", "rails"], ["number_of_pages", 1000], ["created_at", "2021-12-10 07:26:09.046439"], ["updated_at", "2021-12-10 07:26:09.046439"]]
  ↳ app/controllers/books_controller.rb:27:in `block in create'
  [1m[36mActiveStorage::Blob Load (0.5ms)[0m  [1m[34mSELECT "active_storage_blobs".* FROM "active_storage_blobs" INNER JOIN "active_storage_attachments" ON "active_storage_blobs"."id" = "active_storage_attachments"."blob_id" WHERE "active_storage_attachments"."record_id" = ? AND "active_storage_attachments"."record_type" = ? AND "active_storage_attachments"."name" = ? LIMIT ?[0m  [["record_id", 2], ["record_type", "Book"], ["name", "image"], ["LIMIT", 1]]
  ↳ app/controllers/books_controller.rb:27:in `block in create'
  [1m[36mActiveStorage::Attachment Load (0.2ms)[0m  [1m[34mSELECT "active_storage_attachments".* FROM "active_storage_attachments" WHERE "active_storage_attachments"."record_id" = ? AND "active_storage_attachments"."record_type" = ? AND "active_storage_attachments"."name" = ? LIMIT ?[0m  [["record_id", 2], ["record_type", "Book"], ["name", "image"], ["LIMIT", 1]]
  ↳ app/controllers/books_controller.rb:27:in `block in create'
  [1m[36mActiveStorage::Blob Create (1.6ms)[0m  [1m[32mINSERT INTO "active_storage_blobs" ("key", "filename", "content_type", "metadata", "byte_size", "checksum", "created_at") VALUES (?, ?, ?, ?, ?, ?, ?)[0m  [["key", "ayls7e4jwx2y925afhuyhnbebzeo"], ["filename", "Screen Shot 2021-12-09 at 11.06.37.png"], ["content_type", "image/png"], ["metadata", "{\"identified\":true}"], ["byte_size", 2807179], ["checksum", "U3KjEhl0+Jf/3A5S52nx5Q=="], ["created_at", "2021-12-10 07:26:09.159598"]]
  ↳ app/controllers/books_controller.rb:27:in `block in create'
  [1m[36mActiveStorage::Attachment Create (0.4ms)[0m  [1m[32mINSERT INTO "active_storage_attachments" ("name", "record_type", "record_id", "blob_id", "created_at") VALUES (?, ?, ?, ?, ?)[0m  [["name", "image"], ["record_type", "Book"], ["record_id", 2], ["blob_id", 2], ["created_at", "2021-12-10 07:26:09.165574"]]
  ↳ app/controllers/books_controller.rb:27:in `block in create'
  [1m[36mBook Update (0.2ms)[0m  [1m[33mUPDATE "books" SET "updated_at" = ? WHERE "books"."id" = ?[0m  [["updated_at", "2021-12-10 07:26:09.169665"], ["id", 2]]
  ↳ app/controllers/books_controller.rb:27:in `block in create'
  [1m[35m (4.1ms)[0m  [1m[36mcommit transaction[0m
  ↳ app/controllers/books_controller.rb:27:in `block in create'
[36m  Disk Storage (18.4ms) [0m[32mUploaded file to key: ayls7e4jwx2y925afhuyhnbebzeo (checksum: U3KjEhl0+Jf/3A5S52nx5Q==)[0m
[ActiveJob] Enqueued ActiveStorage::AnalyzeJob (Job ID: 6ad3c8af-5ebf-43da-bfc2-469d745226b5) to Async(active_storage_analysis) with arguments: #<GlobalID:0x0000000004f7ecd0 @uri=#<URI::GID gid://thefirstrails/ActiveStorage::Blob/2>>
Redirected to https://localhost-ruby-rails.paiza-user-free.cloud:3000/books/2
Completed 302 Found in 192ms (ActiveRecord: 15.1ms | Allocations: 37920)


  [1m[35m (0.2ms)[0m  [1m[34mSELECT sqlite_version(*)[0m
  [1m[36mActiveStorage::Blob Load (0.2ms)[0m  [1m[34mSELECT "active_storage_blobs".* FROM "active_storage_blobs" WHERE "active_storage_blobs"."id" = ? LIMIT ?[0m  [["id", 2], ["LIMIT", 1]]
[ActiveJob] [ActiveStorage::AnalyzeJob] [6ad3c8af-5ebf-43da-bfc2-469d745226b5] Performing ActiveStorage::AnalyzeJob (Job ID: 6ad3c8af-5ebf-43da-bfc2-469d745226b5) from Async(active_storage_analysis) enqueued at 2021-12-10T07:26:09Z with arguments: #<GlobalID:0x0000000004d9a8b0 @uri=#<URI::GID gid://thefirstrails/ActiveStorage::Blob/2>>
[ActiveJob] [ActiveStorage::AnalyzeJob] [6ad3c8af-5ebf-43da-bfc2-469d745226b5] [36m  Disk Storage (5.4ms) [0m[34mDownloaded file from key: ayls7e4jwx2y925afhuyhnbebzeo[0m
[ActiveJob] [ActiveStorage::AnalyzeJob] [6ad3c8af-5ebf-43da-bfc2-469d745226b5] Skipping image analysis because the mini_magick gem isn't installed
[ActiveJob] [ActiveStorage::AnalyzeJob] [6ad3c8af-5ebf-43da-bfc2-469d745226b5]   [1m[35m (0.1ms)[0m  [1m[36mbegin transaction[0m
[ActiveJob] [ActiveStorage::AnalyzeJob] [6ad3c8af-5ebf-43da-bfc2-469d745226b5]   [1m[36mActiveStorage::Blob Update (2.3ms)[0m  [1m[33mUPDATE "active_storage_blobs" SET "metadata" = ? WHERE "active_storage_blobs"."id" = ?[0m  [["metadata", "{\"identified\":true,\"analyzed\":true}"], ["id", 2]]
[ActiveJob] [ActiveStorage::AnalyzeJob] [6ad3c8af-5ebf-43da-bfc2-469d745226b5]   [1m[35m (4.0ms)[0m  [1m[36mcommit transaction[0m
[ActiveJob] [ActiveStorage::AnalyzeJob] [6ad3c8af-5ebf-43da-bfc2-469d745226b5] Performed ActiveStorage::AnalyzeJob (Job ID: 6ad3c8af-5ebf-43da-bfc2-469d745226b5) from Async(active_storage_analysis) in 98.96ms
Started GET "/books/2" for 127.0.0.1 at 2021-12-10 07:26:09 +0000
Processing by BooksController#show as HTML
  Parameters: {"id"=>"2"}
  [1m[36mBook Load (0.3ms)[0m  [1m[34mSELECT "books".* FROM "books" WHERE "books"."id" = ? LIMIT ?[0m  [["id", 2], ["LIMIT", 1]]
  ↳ app/controllers/books_controller.rb:62:in `set_book'
  [1m[36mUser Load (0.9ms)[0m  [1m[34mSELECT "users".* FROM "users" WHERE "users"."id" = ? ORDER BY "users"."id" ASC LIMIT ?[0m  [["id", 1], ["LIMIT", 1]]
  Rendering books/show.html.erb within layouts/application
  [1m[36mActiveStorage::Attachment Load (0.2ms)[0m  [1m[34mSELECT "active_storage_attachments".* FROM "active_storage_attachments" WHERE "active_storage_attachments"."record_id" = ? AND "active_storage_attachments"."record_type" = ? AND "active_storage_attachments"."name" = ? LIMIT ?[0m  [["record_id", 2], ["record_type", "Book"], ["name", "image"], ["LIMIT", 1]]
  ↳ app/views/books/show.html.erb:19
  [1m[36mActiveStorage::Blob Load (0.1ms)[0m  [1m[34mSELECT "active_storage_blobs".* FROM "active_storage_blobs" WHERE "active_storage_blobs"."id" = ? LIMIT ?[0m  [["id", 2], ["LIMIT", 1]]
  ↳ app/views/books/show.html.erb:20
  Rendered books/show.html.erb within layouts/application (Duration: 10.3ms | Allocations: 2632)
[Webpacker] Everything's up-to-date. Nothing to do
Completed 200 OK in 34ms (Views: 23.9ms | ActiveRecord: 1.5ms | Allocations: 8524)


Started GET "/rails/active_storage/blobs/eyJfcmFpbHMiOnsibWVzc2FnZSI6IkJBaHBCdz09IiwiZXhwIjpudWxsLCJwdXIiOiJibG9iX2lkIn19--afb877bc3bf6825b4c2f11a36e220cb9f0c255f8/Screen%20Shot%202021-12-09%20at%2011.06.37.png" for 127.0.0.1 at 2021-12-10 07:26:09 +0000
Processing by ActiveStorage::BlobsController#show as PNG
  Parameters: {"signed_id"=>"eyJfcmFpbHMiOnsibWVzc2FnZSI6IkJBaHBCdz09IiwiZXhwIjpudWxsLCJwdXIiOiJibG9iX2lkIn19--afb877bc3bf6825b4c2f11a36e220cb9f0c255f8", "filename"=>"Screen Shot 2021-12-09 at 11.06.37"}
  [1m[36mActiveStorage::Blob Load (0.1ms)[0m  [1m[34mSELECT "active_storage_blobs".* FROM "active_storage_blobs" WHERE "active_storage_blobs"."id" = ? LIMIT ?[0m  [["id", 2], ["LIMIT", 1]]
[36m  Disk Storage (2.8ms) [0m[34mGenerated URL for file at key: ayls7e4jwx2y925afhuyhnbebzeo (https://localhost-ruby-rails.paiza-user-free.cloud:3000/rails/active_storage/disk/eyJfcmFpbHMiOnsibWVzc2FnZSI6IkJBaDdDRG9JYTJWNVNTSWhZWGxzY3pkbE5HcDNlREo1T1RJMVlXWm9kWGxvYm1KbFlucGxid1k2QmtWVU9oQmthWE53YjNOcGRHbHZia2tpZjJsdWJHbHVaVHNnWm1sc1pXNWhiV1U5SWxOamNtVmxiaUJUYUc5MElESXdNakV0TVRJdE1Ea2dZWFFnTVRFdU1EWXVNemN1Y0c1bklqc2dabWxzWlc1aGJXVXFQVlZVUmkwNEp5ZFRZM0psWlc0bE1qQlRhRzkwSlRJd01qQXlNUzB4TWkwd09TVXlNR0YwSlRJd01URXVNRFl1TXpjdWNHNW5CanNHVkRvUlkyOXVkR1Z1ZEY5MGVYQmxTU0lPYVcxaFoyVXZjRzVuQmpzR1ZBPT0iLCJleHAiOiIyMDIxLTEyLTEwVDA3OjMxOjA5LjU5MVoiLCJwdXIiOiJibG9iX2tleSJ9fQ==--31d81295f8f3019bc3b390f8cc81eb4b2a7262b4/Screen%20Shot%202021-12-09%20at%2011.06.37.png?content_type=image%2Fpng&disposition=inline%3B+filename%3D%22Screen+Shot+2021-12-09+at+11.06.37.png%22%3B+filename%2A%3DUTF-8%27%27Screen%2520Shot%25202021-12-09%2520at%252011.06.37.png)[0m
Redirected to https://localhost-ruby-rails.paiza-user-free.cloud:3000/rails/active_storage/disk/eyJfcmFpbHMiOnsibWVzc2FnZSI6IkJBaDdDRG9JYTJWNVNTSWhZWGxzY3pkbE5HcDNlREo1T1RJMVlXWm9kWGxvYm1KbFlucGxid1k2QmtWVU9oQmthWE53YjNOcGRHbHZia2tpZjJsdWJHbHVaVHNnWm1sc1pXNWhiV1U5SWxOamNtVmxiaUJUYUc5MElESXdNakV0TVRJdE1Ea2dZWFFnTVRFdU1EWXVNemN1Y0c1bklqc2dabWxzWlc1aGJXVXFQVlZVUmkwNEp5ZFRZM0psWlc0bE1qQlRhRzkwSlRJd01qQXlNUzB4TWkwd09TVXlNR0YwSlRJd01URXVNRFl1TXpjdWNHNW5CanNHVkRvUlkyOXVkR1Z1ZEY5MGVYQmxTU0lPYVcxaFoyVXZjRzVuQmpzR1ZBPT0iLCJleHAiOiIyMDIxLTEyLTEwVDA3OjMxOjA5LjU5MVoiLCJwdXIiOiJibG9iX2tleSJ9fQ==--31d81295f8f3019bc3b390f8cc81eb4b2a7262b4/Screen%20Shot%202021-12-09%20at%2011.06.37.png?content_type=image%2Fpng&disposition=inline%3B+filename%3D%22Screen+Shot+2021-12-09+at+11.06.37.png%22%3B+filename%2A%3DUTF-8%27%27Screen%2520Shot%25202021-12-09%2520at%252011.06.37.png
Completed 302 Found in 9ms (ActiveRecord: 0.1ms | Allocations: 2244)


Started GET "/rails/active_storage/disk/eyJfcmFpbHMiOnsibWVzc2FnZSI6IkJBaDdDRG9JYTJWNVNTSWhZWGxzY3pkbE5HcDNlREo1T1RJMVlXWm9kWGxvYm1KbFlucGxid1k2QmtWVU9oQmthWE53YjNOcGRHbHZia2tpZjJsdWJHbHVaVHNnWm1sc1pXNWhiV1U5SWxOamNtVmxiaUJUYUc5MElESXdNakV0TVRJdE1Ea2dZWFFnTVRFdU1EWXVNemN1Y0c1bklqc2dabWxzWlc1aGJXVXFQVlZVUmkwNEp5ZFRZM0psWlc0bE1qQlRhRzkwSlRJd01qQXlNUzB4TWkwd09TVXlNR0YwSlRJd01URXVNRFl1TXpjdWNHNW5CanNHVkRvUlkyOXVkR1Z1ZEY5MGVYQmxTU0lPYVcxaFoyVXZjRzVuQmpzR1ZBPT0iLCJleHAiOiIyMDIxLTEyLTEwVDA3OjMxOjA5LjU5MVoiLCJwdXIiOiJibG9iX2tleSJ9fQ==--31d81295f8f3019bc3b390f8cc81eb4b2a7262b4/Screen%20Shot%202021-12-09%20at%2011.06.37.png?content_type=image%2Fpng&disposition=inline%3B+filename%3D%22Screen+Shot+2021-12-09+at+11.06.37.png%22%3B+filename%2A%3DUTF-8%27%27Screen%2520Shot%25202021-12-09%2520at%252011.06.37.png" for 127.0.0.1 at 2021-12-10 07:26:09 +0000
Processing by ActiveStorage::DiskController#show as PNG
  Parameters: {"content_type"=>"image/png", "disposition"=>"inline; filename=\"Screen Shot 2021-12-09 at 11.06.37.png\"; filename*=UTF-8''Screen%20Shot%202021-12-09%20at%2011.06.37.png", "encoded_key"=>"eyJfcmFpbHMiOnsibWVzc2FnZSI6IkJBaDdDRG9JYTJWNVNTSWhZWGxzY3pkbE5HcDNlREo1T1RJMVlXWm9kWGxvYm1KbFlucGxid1k2QmtWVU9oQmthWE53YjNOcGRHbHZia2tpZjJsdWJHbHVaVHNnWm1sc1pXNWhiV1U5SWxOamNtVmxiaUJUYUc5MElESXdNakV0TVRJdE1Ea2dZWFFnTVRFdU1EWXVNemN1Y0c1bklqc2dabWxzWlc1aGJXVXFQVlZVUmkwNEp5ZFRZM0psWlc0bE1qQlRhRzkwSlRJd01qQXlNUzB4TWkwd09TVXlNR0YwSlRJd01URXVNRFl1TXpjdWNHNW5CanNHVkRvUlkyOXVkR1Z1ZEY5MGVYQmxTU0lPYVcxaFoyVXZjRzVuQmpzR1ZBPT0iLCJleHAiOiIyMDIxLTEyLTEwVDA3OjMxOjA5LjU5MVoiLCJwdXIiOiJibG9iX2tleSJ9fQ==--31d81295f8f3019bc3b390f8cc81eb4b2a7262b4", "filename"=>"Screen Shot 2021-12-09 at 11.06.37"}
Completed 200 OK in 1ms (ActiveRecord: 0.0ms | Allocations: 444)


Started GET "/" for 127.0.0.1 at 2021-12-10 07:33:47 +0000
  [1m[35m (1.0ms)[0m  [1m[34mSELECT sqlite_version(*)[0m
  [1m[35m (0.2ms)[0m  [1m[34mSELECT "schema_migrations"."version" FROM "schema_migrations" ORDER BY "schema_migrations"."version" ASC[0m
Processing by StaticPagesController#home as HTML
  Rendering static_pages/home.html.erb within layouts/application
  Rendered static_pages/home.html.erb within layouts/application (Duration: 1.9ms | Allocations: 264)
[Webpacker] Everything's up-to-date. Nothing to do
  [1m[36mUser Load (0.3ms)[0m  [1m[34mSELECT "users".* FROM "users" WHERE "users"."id" = ? ORDER BY "users"."id" ASC LIMIT ?[0m  [["id", 1], ["LIMIT", 1]]
  ↳ app/views/layouts/application.html.erb:14
Completed 200 OK in 62ms (Views: 48.5ms | ActiveRecord: 1.0ms | Allocations: 16443)


Started GET "/books" for 127.0.0.1 at 2021-12-10 07:33:59 +0000
Processing by BooksController#index as HTML
  [1m[36mUser Load (0.2ms)[0m  [1m[34mSELECT "users".* FROM "users" WHERE "users"."id" = ? ORDER BY "users"."id" ASC LIMIT ?[0m  [["id", 1], ["LIMIT", 1]]
  Rendering books/index.html.erb within layouts/application
  [1m[36mBook Load (0.4ms)[0m  [1m[34mSELECT "books".* FROM "books"[0m
  ↳ app/views/books/index.html.erb:15
  Rendered books/index.html.erb within layouts/application (Duration: 13.6ms | Allocations: 4548)
[Webpacker] Everything's up-to-date. Nothing to do
Completed 200 OK in 29ms (Views: 20.7ms | ActiveRecord: 1.5ms | Allocations: 11097)


Started GET "/books/new" for 127.0.0.1 at 2021-12-10 07:34:07 +0000
Processing by BooksController#new as HTML
  [1m[36mUser Load (0.3ms)[0m  [1m[34mSELECT "users".* FROM "users" WHERE "users"."id" = ? ORDER BY "users"."id" ASC LIMIT ?[0m  [["id", 1], ["LIMIT", 1]]
  Rendering books/new.html.erb within layouts/application
  Rendered books/_form.html.erb (Duration: 54.5ms | Allocations: 6226)
  Rendered books/new.html.erb within layouts/application (Duration: 56.6ms | Allocations: 6560)
[Webpacker] Everything's up-to-date. Nothing to do
Completed 200 OK in 69ms (Views: 64.5ms | ActiveRecord: 0.3ms | Allocations: 11649)


Started POST "/books" for 127.0.0.1 at 2021-12-10 07:35:35 +0000
Processing by BooksController#create as HTML
  Parameters: {"authenticity_token"=>"+QJPyN7LWkIDjWTppVlASjcgP+Ya1lP05MnTyhHmVkotXUrF/SPzdAlHlOrbTQ3F3oJ6ieIO1OcEC2TwNCsCkg==", "book"=>{"title"=>"railss", "number_of_pages"=>"2000", "detail"=>"abcxyz", "image"=>#<ActionDispatch::Http::UploadedFile:0x00000000044d8498 @tempfile=#<Tempfile:/tmp/RackMultipart20211210-5328-11xj5bu.png>, @original_filename="Screen Shot 2021-12-10 at 10.45.31.png", @content_type="image/png", @headers="Content-Disposition: form-data; name=\"book[image]\"; filename=\"Screen Shot 2021-12-10 at 10.45.31.png\"\r\nContent-Type: image/png\r\n">}, "commit"=>"Create Book"}
  [1m[36mUser Load (0.2ms)[0m  [1m[34mSELECT "users".* FROM "users" WHERE "users"."id" = ? ORDER BY "users"."id" ASC LIMIT ?[0m  [["id", 1], ["LIMIT", 1]]
  [1m[35m (0.7ms)[0m  [1m[36mbegin transaction[0m
  ↳ app/controllers/books_controller.rb:27:in `block in create'
  [1m[36mBook Create (2.1ms)[0m  [1m[32mINSERT INTO "books" ("title", "number_of_pages", "created_at", "updated_at", "detail") VALUES (?, ?, ?, ?, ?)[0m  [["title", "railss"], ["number_of_pages", 2000], ["created_at", "2021-12-10 07:35:35.806706"], ["updated_at", "2021-12-10 07:35:35.806706"], ["detail", "abcxyz"]]
  ↳ app/controllers/books_controller.rb:27:in `block in create'
  [1m[36mActiveStorage::Blob Load (0.5ms)[0m  [1m[34mSELECT "active_storage_blobs".* FROM "active_storage_blobs" INNER JOIN "active_storage_attachments" ON "active_storage_blobs"."id" = "active_storage_attachments"."blob_id" WHERE "active_storage_attachments"."record_id" = ? AND "active_storage_attachments"."record_type" = ? AND "active_storage_attachments"."name" = ? LIMIT ?[0m  [["record_id", 3], ["record_type", "Book"], ["name", "image"], ["LIMIT", 1]]
  ↳ app/controllers/books_controller.rb:27:in `block in create'
  [1m[36mActiveStorage::Attachment Load (0.1ms)[0m  [1m[34mSELECT "active_storage_attachments".* FROM "active_storage_attachments" WHERE "active_storage_attachments"."record_id" = ? AND "active_storage_attachments"."record_type" = ? AND "active_storage_attachments"."name" = ? LIMIT ?[0m  [["record_id", 3], ["record_type", "Book"], ["name", "image"], ["LIMIT", 1]]
  ↳ app/controllers/books_controller.rb:27:in `block in create'
  [1m[36mActiveStorage::Blob Create (0.8ms)[0m  [1m[32mINSERT INTO "active_storage_blobs" ("key", "filename", "content_type", "metadata", "byte_size", "checksum", "created_at") VALUES (?, ?, ?, ?, ?, ?, ?)[0m  [["key", "iuh8eig3k9ullnjwqs9mzj88st04"], ["filename", "Screen Shot 2021-12-10 at 10.45.31.png"], ["content_type", "image/png"], ["metadata", "{\"identified\":true}"], ["byte_size", 58925], ["checksum", "GiFR+s5bDTGWE0Q3FOul1Q=="], ["created_at", "2021-12-10 07:35:35.877421"]]
  ↳ app/controllers/books_controller.rb:27:in `block in create'
  [1m[36mActiveStorage::Attachment Create (0.3ms)[0m  [1m[32mINSERT INTO "active_storage_attachments" ("name", "record_type", "record_id", "blob_id", "created_at") VALUES (?, ?, ?, ?, ?)[0m  [["name", "image"], ["record_type", "Book"], ["record_id", 3], ["blob_id", 3], ["created_at", "2021-12-10 07:35:35.880576"]]
  ↳ app/controllers/books_controller.rb:27:in `block in create'
  [1m[36mBook Update (0.1ms)[0m  [1m[33mUPDATE "books" SET "updated_at" = ? WHERE "books"."id" = ?[0m  [["updated_at", "2021-12-10 07:35:35.882837"], ["id", 3]]
  ↳ app/controllers/books_controller.rb:27:in `block in create'
  [1m[35m (8.4ms)[0m  [1m[36mcommit transaction[0m
  ↳ app/controllers/books_controller.rb:27:in `block in create'
[36m  Disk Storage (3.7ms) [0m[32mUploaded file to key: iuh8eig3k9ullnjwqs9mzj88st04 (checksum: GiFR+s5bDTGWE0Q3FOul1Q==)[0m
[ActiveJob] Enqueued ActiveStorage::AnalyzeJob (Job ID: e207545f-161d-4769-9b2b-b213c95a793a) to Async(active_storage_analysis) with arguments: #<GlobalID:0x000000000296de88 @uri=#<URI::GID gid://thefirstrails/ActiveStorage::Blob/3>>
Redirected to https://localhost-ruby-rails.paiza-user-free.cloud:3000/books/3
Completed 302 Found in 125ms (ActiveRecord: 14.3ms | Allocations: 38283)


  [1m[35m (0.1ms)[0m  [1m[34mSELECT sqlite_version(*)[0m
  [1m[36mActiveStorage::Blob Load (0.2ms)[0m  [1m[34mSELECT "active_storage_blobs".* FROM "active_storage_blobs" WHERE "active_storage_blobs"."id" = ? LIMIT ?[0m  [["id", 3], ["LIMIT", 1]]
[ActiveJob] [ActiveStorage::AnalyzeJob] [e207545f-161d-4769-9b2b-b213c95a793a] Performing ActiveStorage::AnalyzeJob (Job ID: e207545f-161d-4769-9b2b-b213c95a793a) from Async(active_storage_analysis) enqueued at 2021-12-10T07:35:35Z with arguments: #<GlobalID:0x00000000026ee8b0 @uri=#<URI::GID gid://thefirstrails/ActiveStorage::Blob/3>>
[ActiveJob] [ActiveStorage::AnalyzeJob] [e207545f-161d-4769-9b2b-b213c95a793a] [36m  Disk Storage (0.3ms) [0m[34mDownloaded file from key: iuh8eig3k9ullnjwqs9mzj88st04[0m
[ActiveJob] [ActiveStorage::AnalyzeJob] [e207545f-161d-4769-9b2b-b213c95a793a] Skipping image analysis because the mini_magick gem isn't installed
[ActiveJob] [ActiveStorage::AnalyzeJob] [e207545f-161d-4769-9b2b-b213c95a793a]   [1m[35m (0.1ms)[0m  [1m[36mbegin transaction[0m
[ActiveJob] [ActiveStorage::AnalyzeJob] [e207545f-161d-4769-9b2b-b213c95a793a]   [1m[36mActiveStorage::Blob Update (0.3ms)[0m  [1m[33mUPDATE "active_storage_blobs" SET "metadata" = ? WHERE "active_storage_blobs"."id" = ?[0m  [["metadata", "{\"identified\":true,\"analyzed\":true}"], ["id", 3]]
[ActiveJob] [ActiveStorage::AnalyzeJob] [e207545f-161d-4769-9b2b-b213c95a793a]   [1m[35m (4.6ms)[0m  [1m[36mcommit transaction[0m
[ActiveJob] [ActiveStorage::AnalyzeJob] [e207545f-161d-4769-9b2b-b213c95a793a] Performed ActiveStorage::AnalyzeJob (Job ID: e207545f-161d-4769-9b2b-b213c95a793a) from Async(active_storage_analysis) in 36.11ms
Started GET "/books/3" for 127.0.0.1 at 2021-12-10 07:35:36 +0000
Processing by BooksController#show as HTML
  Parameters: {"id"=>"3"}
  [1m[36mBook Load (0.3ms)[0m  [1m[34mSELECT "books".* FROM "books" WHERE "books"."id" = ? LIMIT ?[0m  [["id", 3], ["LIMIT", 1]]
  ↳ app/controllers/books_controller.rb:62:in `set_book'
  [1m[36mUser Load (1.0ms)[0m  [1m[34mSELECT "users".* FROM "users" WHERE "users"."id" = ? ORDER BY "users"."id" ASC LIMIT ?[0m  [["id", 1], ["LIMIT", 1]]
  Rendering books/show.html.erb within layouts/application
  Rendered books/show.html.erb within layouts/application (Duration: 8.9ms | Allocations: 3604)
Completed 500 Internal Server Error in 16ms (ActiveRecord: 1.3ms | Allocations: 6358)


  
ActionView::Template::Error (undefined method `details' for #<Book:0x00007fc21c3ce890>
Did you mean?  detail
               detail?
               detail=):
    12: 
    13: <p>
    14:   <strong>Detail:</strong>
    15:   <%= @book.details %>
    16: </p>
    17: 
    18: <p>
  
app/views/books/show.html.erb:15
Started GET "/books/3" for 127.0.0.1 at 2021-12-10 07:36:21 +0000
Processing by BooksController#show as HTML
  Parameters: {"id"=>"3"}
  [1m[36mBook Load (0.2ms)[0m  [1m[34mSELECT "books".* FROM "books" WHERE "books"."id" = ? LIMIT ?[0m  [["id", 3], ["LIMIT", 1]]
  ↳ app/controllers/books_controller.rb:62:in `set_book'
  [1m[36mUser Load (0.2ms)[0m  [1m[34mSELECT "users".* FROM "users" WHERE "users"."id" = ? ORDER BY "users"."id" ASC LIMIT ?[0m  [["id", 1], ["LIMIT", 1]]
  Rendering books/show.html.erb within layouts/application
  [1m[36mActiveStorage::Attachment Load (0.3ms)[0m  [1m[34mSELECT "active_storage_attachments".* FROM "active_storage_attachments" WHERE "active_storage_attachments"."record_id" = ? AND "active_storage_attachments"."record_type" = ? AND "active_storage_attachments"."name" = ? LIMIT ?[0m  [["record_id", 3], ["record_type", "Book"], ["name", "image"], ["LIMIT", 1]]
  ↳ app/views/books/show.html.erb:19
  [1m[36mActiveStorage::Blob Load (0.1ms)[0m  [1m[34mSELECT "active_storage_blobs".* FROM "active_storage_blobs" WHERE "active_storage_blobs"."id" = ? LIMIT ?[0m  [["id", 3], ["LIMIT", 1]]
  ↳ app/views/books/show.html.erb:20
  Rendered books/show.html.erb within layouts/application (Duration: 7.2ms | Allocations: 2639)
[Webpacker] Everything's up-to-date. Nothing to do
Completed 200 OK in 27ms (Views: 19.6ms | ActiveRecord: 0.8ms | Allocations: 9455)


Started GET "/rails/active_storage/blobs/eyJfcmFpbHMiOnsibWVzc2FnZSI6IkJBaHBDQT09IiwiZXhwIjpudWxsLCJwdXIiOiJibG9iX2lkIn19--5762f5eb41d53445b9d70fedf422245ff5a1c777/Screen%20Shot%202021-12-10%20at%2010.45.31.png" for 127.0.0.1 at 2021-12-10 07:36:21 +0000
Processing by ActiveStorage::BlobsController#show as PNG
  Parameters: {"signed_id"=>"eyJfcmFpbHMiOnsibWVzc2FnZSI6IkJBaHBDQT09IiwiZXhwIjpudWxsLCJwdXIiOiJibG9iX2lkIn19--5762f5eb41d53445b9d70fedf422245ff5a1c777", "filename"=>"Screen Shot 2021-12-10 at 10.45.31"}
  [1m[36mActiveStorage::Blob Load (0.2ms)[0m  [1m[34mSELECT "active_storage_blobs".* FROM "active_storage_blobs" WHERE "active_storage_blobs"."id" = ? LIMIT ?[0m  [["id", 3], ["LIMIT", 1]]
[36m  Disk Storage (2.6ms) [0m[34mGenerated URL for file at key: iuh8eig3k9ullnjwqs9mzj88st04 (https://localhost-ruby-rails.paiza-user-free.cloud:3000/rails/active_storage/disk/eyJfcmFpbHMiOnsibWVzc2FnZSI6IkJBaDdDRG9JYTJWNVNTSWhhWFZvT0dWcFp6TnJPWFZzYkc1cWQzRnpPVzE2YWpnNGMzUXdOQVk2QmtWVU9oQmthWE53YjNOcGRHbHZia2tpZjJsdWJHbHVaVHNnWm1sc1pXNWhiV1U5SWxOamNtVmxiaUJUYUc5MElESXdNakV0TVRJdE1UQWdZWFFnTVRBdU5EVXVNekV1Y0c1bklqc2dabWxzWlc1aGJXVXFQVlZVUmkwNEp5ZFRZM0psWlc0bE1qQlRhRzkwSlRJd01qQXlNUzB4TWkweE1DVXlNR0YwSlRJd01UQXVORFV1TXpFdWNHNW5CanNHVkRvUlkyOXVkR1Z1ZEY5MGVYQmxTU0lPYVcxaFoyVXZjRzVuQmpzR1ZBPT0iLCJleHAiOiIyMDIxLTEyLTEwVDA3OjQxOjIxLjMyOFoiLCJwdXIiOiJibG9iX2tleSJ9fQ==--a810c89c1b4a4f91842c3d79018ff03787e59799/Screen%20Shot%202021-12-10%20at%2010.45.31.png?content_type=image%2Fpng&disposition=inline%3B+filename%3D%22Screen+Shot+2021-12-10+at+10.45.31.png%22%3B+filename%2A%3DUTF-8%27%27Screen%2520Shot%25202021-12-10%2520at%252010.45.31.png)[0m
Redirected to https://localhost-ruby-rails.paiza-user-free.cloud:3000/rails/active_storage/disk/eyJfcmFpbHMiOnsibWVzc2FnZSI6IkJBaDdDRG9JYTJWNVNTSWhhWFZvT0dWcFp6TnJPWFZzYkc1cWQzRnpPVzE2YWpnNGMzUXdOQVk2QmtWVU9oQmthWE53YjNOcGRHbHZia2tpZjJsdWJHbHVaVHNnWm1sc1pXNWhiV1U5SWxOamNtVmxiaUJUYUc5MElESXdNakV0TVRJdE1UQWdZWFFnTVRBdU5EVXVNekV1Y0c1bklqc2dabWxzWlc1aGJXVXFQVlZVUmkwNEp5ZFRZM0psWlc0bE1qQlRhRzkwSlRJd01qQXlNUzB4TWkweE1DVXlNR0YwSlRJd01UQXVORFV1TXpFdWNHNW5CanNHVkRvUlkyOXVkR1Z1ZEY5MGVYQmxTU0lPYVcxaFoyVXZjRzVuQmpzR1ZBPT0iLCJleHAiOiIyMDIxLTEyLTEwVDA3OjQxOjIxLjMyOFoiLCJwdXIiOiJibG9iX2tleSJ9fQ==--a810c89c1b4a4f91842c3d79018ff03787e59799/Screen%20Shot%202021-12-10%20at%2010.45.31.png?content_type=image%2Fpng&disposition=inline%3B+filename%3D%22Screen+Shot+2021-12-10+at+10.45.31.png%22%3B+filename%2A%3DUTF-8%27%27Screen%2520Shot%25202021-12-10%2520at%252010.45.31.png
Completed 302 Found in 7ms (ActiveRecord: 0.2ms | Allocations: 2274)


Started GET "/rails/active_storage/disk/eyJfcmFpbHMiOnsibWVzc2FnZSI6IkJBaDdDRG9JYTJWNVNTSWhhWFZvT0dWcFp6TnJPWFZzYkc1cWQzRnpPVzE2YWpnNGMzUXdOQVk2QmtWVU9oQmthWE53YjNOcGRHbHZia2tpZjJsdWJHbHVaVHNnWm1sc1pXNWhiV1U5SWxOamNtVmxiaUJUYUc5MElESXdNakV0TVRJdE1UQWdZWFFnTVRBdU5EVXVNekV1Y0c1bklqc2dabWxzWlc1aGJXVXFQVlZVUmkwNEp5ZFRZM0psWlc0bE1qQlRhRzkwSlRJd01qQXlNUzB4TWkweE1DVXlNR0YwSlRJd01UQXVORFV1TXpFdWNHNW5CanNHVkRvUlkyOXVkR1Z1ZEY5MGVYQmxTU0lPYVcxaFoyVXZjRzVuQmpzR1ZBPT0iLCJleHAiOiIyMDIxLTEyLTEwVDA3OjQxOjIxLjMyOFoiLCJwdXIiOiJibG9iX2tleSJ9fQ==--a810c89c1b4a4f91842c3d79018ff03787e59799/Screen%20Shot%202021-12-10%20at%2010.45.31.png?content_type=image%2Fpng&disposition=inline%3B+filename%3D%22Screen+Shot+2021-12-10+at+10.45.31.png%22%3B+filename%2A%3DUTF-8%27%27Screen%2520Shot%25202021-12-10%2520at%252010.45.31.png" for 127.0.0.1 at 2021-12-10 07:36:21 +0000
Processing by ActiveStorage::DiskController#show as PNG
  Parameters: {"content_type"=>"image/png", "disposition"=>"inline; filename=\"Screen Shot 2021-12-10 at 10.45.31.png\"; filename*=UTF-8''Screen%20Shot%202021-12-10%20at%2010.45.31.png", "encoded_key"=>"eyJfcmFpbHMiOnsibWVzc2FnZSI6IkJBaDdDRG9JYTJWNVNTSWhhWFZvT0dWcFp6TnJPWFZzYkc1cWQzRnpPVzE2YWpnNGMzUXdOQVk2QmtWVU9oQmthWE53YjNOcGRHbHZia2tpZjJsdWJHbHVaVHNnWm1sc1pXNWhiV1U5SWxOamNtVmxiaUJUYUc5MElESXdNakV0TVRJdE1UQWdZWFFnTVRBdU5EVXVNekV1Y0c1bklqc2dabWxzWlc1aGJXVXFQVlZVUmkwNEp5ZFRZM0psWlc0bE1qQlRhRzkwSlRJd01qQXlNUzB4TWkweE1DVXlNR0YwSlRJd01UQXVORFV1TXpFdWNHNW5CanNHVkRvUlkyOXVkR1Z1ZEY5MGVYQmxTU0lPYVcxaFoyVXZjRzVuQmpzR1ZBPT0iLCJleHAiOiIyMDIxLTEyLTEwVDA3OjQxOjIxLjMyOFoiLCJwdXIiOiJibG9iX2tleSJ9fQ==--a810c89c1b4a4f91842c3d79018ff03787e59799", "filename"=>"Screen Shot 2021-12-10 at 10.45.31"}
Completed 200 OK in 1ms (ActiveRecord: 0.0ms | Allocations: 460)


Started GET "/books" for 127.0.0.1 at 2021-12-10 07:36:31 +0000
Processing by BooksController#index as HTML
  [1m[36mUser Load (0.1ms)[0m  [1m[34mSELECT "users".* FROM "users" WHERE "users"."id" = ? ORDER BY "users"."id" ASC LIMIT ?[0m  [["id", 1], ["LIMIT", 1]]
  Rendering books/index.html.erb within layouts/application
  [1m[36mBook Load (0.2ms)[0m  [1m[34mSELECT "books".* FROM "books"[0m
  ↳ app/views/books/index.html.erb:15
  Rendered books/index.html.erb within layouts/application (Duration: 3.0ms | Allocations: 1280)
[Webpacker] Everything's up-to-date. Nothing to do
Completed 200 OK in 11ms (Views: 7.8ms | ActiveRecord: 0.3ms | Allocations: 6468)


Started GET "/books" for 127.0.0.1 at 2021-12-10 07:39:54 +0000
Processing by BooksController#index as HTML
  [1m[36mUser Load (3.0ms)[0m  [1m[34mSELECT "users".* FROM "users" WHERE "users"."id" = ? ORDER BY "users"."id" ASC LIMIT ?[0m  [["id", 1], ["LIMIT", 1]]
  Rendering books/index.html.erb within layouts/application
  [1m[36mBook Load (0.2ms)[0m  [1m[34mSELECT "books".* FROM "books"[0m
  ↳ app/views/books/index.html.erb:16
  Rendered books/index.html.erb within layouts/application (Duration: 4.2ms | Allocations: 1279)
[Webpacker] Everything's up-to-date. Nothing to do
Completed 200 OK in 31ms (Views: 22.8ms | ActiveRecord: 3.1ms | Allocations: 7438)


